  Snowball.cpp
c:\users\arkad\documents\deadshot files\c++ programs\sfml\tests\snowball\snowball\snowball.hpp(8): warning C4305: 'initializing': truncation from 'double' to 'float'
c:\users\arkad\documents\deadshot files\c++ programs\sfml\tests\snowball\snowball\snowball.hpp(9): warning C4305: 'argument': truncation from 'double' to 'T'
          with
          [
              T=float
          ]
c:\users\arkad\documents\deadshot files\c++ programs\sfml\tests\snowball\snowball\snowball.cpp(14): warning C4244: 'argument': conversion from 'T' to 'T', possible loss of data
          with
          [
              T=int
          ]
          and
          [
              T=float
          ]
c:\users\arkad\documents\deadshot files\c++ programs\sfml\tests\snowball\snowball\snowball.cpp(15): warning C4244: 'argument': conversion from 'int' to 'float', possible loss of data
c:\users\arkad\documents\deadshot files\c++ programs\sfml\tests\snowball\snowball\snowball.cpp(47): warning C4305: 'argument': truncation from 'double' to 'T'
          with
          [
              T=float
          ]
c:\users\arkad\documents\deadshot files\c++ programs\sfml\tests\snowball\snowball\snowball.cpp(76): warning C4305: 'argument': truncation from 'double' to 'T'
          with
          [
              T=float
          ]
  main.cpp
c:\users\arkad\documents\deadshot files\c++ programs\sfml\tests\snowball\snowball\snowball.hpp(8): warning C4305: 'initializing': truncation from 'double' to 'float'
c:\users\arkad\documents\deadshot files\c++ programs\sfml\tests\snowball\snowball\snowball.hpp(9): warning C4305: 'argument': truncation from 'double' to 'T'
          with
          [
              T=float
          ]
c:\users\arkad\documents\deadshot files\c++ programs\sfml\tests\snowball\snowball\snowflakes.hpp(9): warning C4091: 'typedef ': ignored on left of 'flakes' when no variable is declared
c:\users\arkad\documents\deadshot files\c++ programs\sfml\tests\snowball\snowball\snowflakes.hpp(14): warning C4305: 'initializing': truncation from 'double' to 'float'
  Generating Code...
  LINK : C:\Users\arkad\Documents\DEADSHOT FILES\C++ Programs\SFML\TESTS\Snowball\Debug\Snowball.exe not found or not built by the last incremental link; performing full link
  Snowball.vcxproj -> C:\Users\arkad\Documents\DEADSHOT FILES\C++ Programs\SFML\TESTS\Snowball\Debug\Snowball.exe
