  GameItems.cpp
c:\users\arkad\documents\deadshot files\c++ programs\sfml\tests\snowball\snowball\gameitems.cpp(22): warning C4244: 'initializing': conversion from 'int' to 'float', possible loss of data
c:\users\arkad\documents\deadshot files\c++ programs\sfml\tests\snowball\snowball\gameitems.cpp(23): warning C4244: 'initializing': conversion from 'double' to 'float', possible loss of data
c:\users\arkad\documents\deadshot files\c++ programs\sfml\tests\snowball\snowball\gameitems.cpp(28): warning C4244: '=': conversion from 'int' to 'float', possible loss of data
c:\users\arkad\documents\deadshot files\c++ programs\sfml\tests\snowball\snowball\gameitems.cpp(33): warning C4244: 'initializing': conversion from 'int' to 'float', possible loss of data
c:\users\arkad\documents\deadshot files\c++ programs\sfml\tests\snowball\snowball\gameitems.cpp(34): warning C4244: 'initializing': conversion from 'double' to 'float', possible loss of data
c:\users\arkad\documents\deadshot files\c++ programs\sfml\tests\snowball\snowball\gameitems.cpp(38): warning C4244: '=': conversion from 'int' to 'float', possible loss of data
  Snowball.cpp
c:\users\arkad\documents\deadshot files\c++ programs\sfml\tests\snowball\snowball\snowball.hpp(8): warning C4305: 'initializing': truncation from 'double' to 'float'
c:\users\arkad\documents\deadshot files\c++ programs\sfml\tests\snowball\snowball\snowball.hpp(9): warning C4305: 'argument': truncation from 'double' to 'T'
          with
          [
              T=float
          ]
c:\users\arkad\documents\deadshot files\c++ programs\sfml\tests\snowball\snowball\snowball.cpp(56): warning C4305: 'argument': truncation from 'double' to 'T'
          with
          [
              T=float
          ]
c:\users\arkad\documents\deadshot files\c++ programs\sfml\tests\snowball\snowball\snowball.cpp(92): warning C4305: 'argument': truncation from 'double' to 'T'
          with
          [
              T=float
          ]
  main.cpp
c:\users\arkad\documents\deadshot files\c++ programs\sfml\tests\snowball\snowball\snowball.hpp(8): warning C4305: 'initializing': truncation from 'double' to 'float'
c:\users\arkad\documents\deadshot files\c++ programs\sfml\tests\snowball\snowball\snowball.hpp(9): warning C4305: 'argument': truncation from 'double' to 'T'
          with
          [
              T=float
          ]
c:\users\arkad\documents\deadshot files\c++ programs\sfml\tests\snowball\snowball\snowflakes.hpp(9): warning C4091: 'typedef ': ignored on left of 'flakes' when no variable is declared
c:\users\arkad\documents\deadshot files\c++ programs\sfml\tests\snowball\snowball\snowflakes.hpp(14): warning C4305: 'initializing': truncation from 'double' to 'float'
  Generating code
  2 of 247 functions ( 0.8%) were compiled, the rest were copied from previous compilation.
    0 functions were new in current compilation
    3 functions had inline decision re-evaluated but remain unchanged
  Finished generating code
  Snowball.vcxproj -> C:\Users\arkad\Documents\DEADSHOT FILES\C++ Programs\SFML\TESTS\Snowball\Release\Snowball.exe
